2019-06-20 18:04:46 认证方式  有线认证
2019-06-20 18:04:46 认证网卡  enx00e04c6f1a65
2019-06-20 18:04:46 用户名  15109641416
2019-06-20 18:04:46 寻找认证服务器...
2019-06-20 18:04:47 连接认证服务器...
2019-06-20 18:04:48 正在进行认证...
2019-06-20 18:04:49 认证成功
2019-06-20 18:05:28 退出客户端成功
2019-06-20 18:05:35 认证方式  有线认证
2019-06-20 18:05:35 认证网卡  enx00e04c6f1a65
2019-06-20 18:05:35 用户名  15109641416
2019-06-20 18:05:36 寻找认证服务器...
2019-06-20 18:05:36 连接认证服务器...
2019-06-20 18:05:37 正在进行认证...
2019-06-20 18:05:38 认证成功
2019-06-20 18:16:25 退出客户端成功
2019-06-20 18:16:31 认证方式  有线认证
2019-06-20 18:16:31 认证网卡  enx00e04c6f1a65
2019-06-20 18:16:31 用户名  15109641416
2019-06-20 18:16:32 寻找认证服务器...
2019-06-20 18:16:33 连接认证服务器...
2019-06-20 18:16:34 正在进行认证...
2019-06-20 18:16:35 认证成功
2019-06-20 18:49:11 退出客户端成功
